2023-01-28 07:43:42 -0700 : Dictionary is initializing. #<Dictionary:0x000001b438093ad8>
2023-01-28 07:46:03 -0700 : Dictionary is initializing. #<Dictionary:0x0000019310624068>
2023-01-28 07:52:04 -0700 : Dictionary is initializing. #<Dictionary:0x000002c0fe5151f0>
2023-01-28 08:00:19 -0700 : Dictionary is initializing. #<Dictionary:0x000001c083ce4e20>
2023-01-28 08:01:49 -0700 : Dictionary is initializing. #<Dictionary:0x00000289602d4e20>
2023-01-28 08:02:22 -0700 : Dictionary is initializing. #<Dictionary:0x0000022c49c24da0>
2023-01-28 08:03:19 -0700 : Dictionary is initializing. #<Dictionary:0x000001f83e8f4e30>
2023-01-28 08:10:57 -0700 : Dictionary is initializing. #<Dictionary:0x000002a7f3f94d98>
2023-01-28 08:13:48 -0700 : Dictionary is initializing. #<Dictionary:0x00000260cb894e40>
2023-01-28 08:14:27 -0700 : Dictionary is initializing. #<Dictionary:0x00000298194c4d80>
2023-01-28 08:15:42 -0700 : Dictionary is initializing. #<Dictionary:0x000001e746ba4f80>
2023-01-28 08:15:49 -0700 : Dictionary is initializing. #<Dictionary:0x0000026fd41351f0>
2023-01-28 08:18:34 -0700 : Dictionary is initializing. #<Dictionary:0x0000027e3b125000>
2023-01-28 08:18:46 -0700 : Dictionary is initializing. #<Dictionary:0x0000026153db5018>
2023-01-28 08:19:45 -0700 : Dictionary is initializing. #<Dictionary:0x0000026293405018>
2023-01-28 08:20:21 -0700 : Dictionary is initializing. #<Dictionary:0x000001e2462e5020>
2023-01-28 08:22:17 -0700 : Dictionary is initializing. #<Dictionary:0x0000024dbcc85008>
2023-01-28 08:22:52 -0700 : Dictionary is initializing. #<Dictionary:0x000002a931404f70>
2023-01-28 08:24:20 -0700 : Dictionary is initializing. #<Dictionary:0x000001ae6d1d4da0>
2023-01-28 08:27:35 -0700 : Dictionary is initializing. #<Dictionary:0x000001b72f364f60>
2023-01-28 08:27:47 -0700 : Dictionary is initializing. #<Dictionary:0x00000166e91f4ec8>
2023-01-28 08:28:12 -0700 : Dictionary is initializing. #<Dictionary:0x0000016a62e04ed0>
2023-01-28 08:31:22 -0700 : Dictionary is initializing. #<Dictionary:0x000002527f754f80>
2023-01-28 08:33:51 -0700 : Dictionary is initializing. #<Dictionary:0x0000020f1af84f78>
2023-01-28 08:34:19 -0700 : Dictionary is initializing. #<Dictionary:0x0000022696964e20>
2023-01-28 08:40:53 -0700 : Dictionary is initializing. #<Dictionary:0x000001ac835a4f70>
2023-01-28 08:47:32 -0700 : Dictionary is initializing. #<Dictionary:0x0000016480494ec8>
2023-01-28 09:24:39 -0700 : Dictionary is initializing. #<Dictionary:0x0000017bb7d14f78>
2023-01-28 10:05:43 -0700 : Dictionary is initializing. #<Dictionary:0x00000194d08c4ec8>
2023-01-28 10:07:08 -0700 : Dictionary is initializing. #<Dictionary:0x000001b13b384ee0>
2023-01-28 10:07:33 -0700 : Dictionary is initializing. #<Dictionary:0x000001e82b6c4ed0>
2023-01-28 10:11:58 -0700 : Dictionary is initializing. #<Dictionary:0x00000267db864f80>
2023-01-28 10:13:25 -0700 : Dictionary is initializing. #<Dictionary:0x000001dcbd104f78>
2023-01-28 10:16:44 -0700 : Dictionary is initializing. #<Dictionary:0x0000018dbfc94ed0>
2023-01-28 10:17:22 -0700 : Dictionary is initializing. #<Dictionary:0x0000019f21cb4f78>
2023-01-28 10:18:20 -0700 : Dictionary is initializing. #<Dictionary:0x0000020585124e40>
2023-01-28 10:26:20 -0700 : Dictionary is initializing. #<Dictionary:0x0000014059114f78>
2023-01-28 10:27:25 -0700 : Dictionary is initializing. #<Dictionary:0x00000183d5e04f70>
2023-01-28 10:29:08 -0700 : Dictionary is initializing. #<Dictionary:0x0000024eeb664e28>
2023-01-28 10:29:34 -0700 : Dictionary is initializing. #<Dictionary:0x000001f753154e28>
2023-01-28 10:31:04 -0700 : Dictionary is initializing. #<Dictionary:0x000002788c624e20>
2023-01-28 10:31:42 -0700 : Dictionary is initializing. #<Dictionary:0x000002438a464e28>
2023-01-28 10:33:23 -0700 : Dictionary is initializing. #<Dictionary:0x0000018f5c6c4e30>
2023-01-28 10:33:54 -0700 : Dictionary is initializing. #<Dictionary:0x00000278fa9d4ed0>
2023-01-28 10:37:22 -0700 : Dictionary is initializing. #<Dictionary:0x000001faf92b4f80>
2023-01-28 10:42:16 -0700 : Dictionary is initializing. #<Dictionary:0x000001b8e74b4f78>
2023-01-28 10:50:09 -0700 : Dictionary is initializing. #<Dictionary:0x000002c28bdc4f60>
2023-01-28 14:08:26 -0700 : Dictionary is initializing. #<Dictionary:0x000002067f7f4f68>
2023-01-28 14:10:02 -0700 : Dictionary is initializing. #<Dictionary:0x000001f808124f60>
2023-01-30 02:23:06 -0700 : Dictionary is initializing. #<Dictionary:0x000001c547374e30>
2023-02-01 17:14:58 -0700 : Dictionary is initializing. #<Dictionary:0x0000027c859e4e28>
2023-02-03 15:39:27 -0700 : Dictionary is initializing. #<Dictionary:0x000002ad48234ec8>
2023-02-03 15:39:45 -0700 : Dictionary is initializing. #<Dictionary:0x000001db27b34e40>
2023-02-03 15:40:34 -0700 : Dictionary is initializing. #<Dictionary:0x000001ded4854f80>
2023-02-03 15:41:00 -0700 : Dictionary is initializing. #<Dictionary:0x00000266a4c04e20>
2023-02-03 15:41:35 -0700 : Dictionary is initializing. #<Dictionary:0x00000292cb044e20>
2023-02-03 15:51:51 -0700 : Dictionary is initializing. #<Dictionary:0x000001765b394e28>
2023-02-03 15:52:10 -0700 : Dictionary is initializing. #<Dictionary:0x000002bdadaa4e30>
2023-02-03 16:33:52 -0700 : Dictionary is initializing. #<Dictionary:0x000001dd98404e40>
2023-02-03 16:42:09 -0700 : Dictionary is initializing. #<Dictionary:0x00000202a0054e30>
2023-02-03 16:48:18 -0700 : Dictionary is initializing. #<Dictionary:0x000001d99f7b4e20>
2023-02-05 02:14:23 -0700 : Dictionary is initializing. #<Dictionary:0x000002347bab4e40>
2023-02-05 02:15:03 -0700 : Dictionary is initializing. #<Dictionary:0x000002340ae64ed0>
2023-02-07 12:46:36 -0700 : Dictionary is initializing. #<Dictionary:0x0000023c32f74e30>
2023-02-07 14:56:57 -0700 : Dictionary is initializing. #<Dictionary:0x000001abc8754e30>
2023-02-07 14:57:16 -0700 : Dictionary is initializing. #<Dictionary:0x000002107f6fd3f8>
2023-02-07 15:00:12 -0700 : Dictionary is initializing. #<Dictionary:0x0000027a13604d90>
2023-02-07 15:01:29 -0700 : Dictionary is initializing. #<Dictionary:0x0000021df2eb4da0>
2023-02-07 16:23:22 -0700 : Dictionary is initializing. #<Dictionary:0x0000020234f64d88>
2023-02-07 16:37:25 -0700 : Dictionary is initializing. #<Dictionary:0x0000023ada6f4cf0>
2023-02-07 16:38:23 -0700 : Dictionary is initializing. #<Dictionary:0x000002d87ac94cf8>
2023-02-07 16:39:05 -0700 : Dictionary is initializing. #<Dictionary:0x000001ac5fd74d00>
2023-02-08 04:05:32 -0700 : Dictionary is initializing. #<Dictionary:0x000001c0679e4cf0>
2023-02-08 04:06:12 -0700 : Dictionary is initializing. #<Dictionary:0x0000020200884ce0>
2023-02-08 04:06:34 -0700 : Dictionary is initializing. #<Dictionary:0x000002c552ed4d00>
2023-02-08 04:06:47 -0700 : Dictionary is initializing. #<Dictionary:0x0000026508434d00>
2023-02-08 04:07:02 -0700 : Dictionary is initializing. #<Dictionary:0x000001d152af4ce8>
2023-02-08 04:08:32 -0700 : Dictionary is initializing. #<Dictionary:0x00000263c7704ce8>
2023-02-08 04:08:32 -0700 : Dictionary is initializing. #<Dictionary:0x000001168f9d4d00>
2023-02-08 04:08:33 -0700 : Dictionary is initializing. #<Dictionary:0x000001e17aca4ce0>
2023-02-08 04:08:34 -0700 : Dictionary is initializing. #<Dictionary:0x00000164169c4cf0>
2023-02-08 04:08:35 -0700 : Dictionary is initializing. #<Dictionary:0x00000123619b4d00>
2023-02-08 04:08:52 -0700 : Dictionary is initializing. #<Dictionary:0x00000218b1534cf8>
2023-02-08 04:08:53 -0700 : Dictionary is initializing. #<Dictionary:0x000001e8b3154d00>
2023-02-08 04:08:53 -0700 : Dictionary is initializing. #<Dictionary:0x0000013df8484ce8>
2023-02-08 04:08:54 -0700 : Dictionary is initializing. #<Dictionary:0x000001398e1a4cf8>
2023-02-08 04:09:03 -0700 : Dictionary is initializing. #<Dictionary:0x0000023cfc6a4ce0>
2023-02-08 04:09:50 -0700 : Dictionary is initializing. #<Dictionary:0x00000272c7264a80>
2023-02-08 04:10:46 -0700 : Dictionary is initializing. #<Dictionary:0x00000151c0bc4ba8>
2023-02-08 04:10:47 -0700 : Dictionary is initializing. #<Dictionary:0x00000227208f4cf8>
2023-02-08 04:54:14 -0700 : Dictionary is initializing. #<Dictionary:0x000001719cd97a88>
2023-02-08 04:55:38 -0700 : Dictionary is initializing. #<Dictionary:0x00000297ab1e7f90>
2023-02-08 04:56:08 -0700 : Dictionary is initializing. #<Dictionary:0x0000021aa7b97f80>
2023-02-08 05:06:36 -0700 : Dictionary is initializing. #<Dictionary:0x0000029116837f80>
2023-02-08 05:08:41 -0700 : Dictionary is initializing. #<Dictionary:0x0000015cc53f80e0>
2023-02-08 05:08:41 -0700 : Dictionary is initializing. #<Dictionary:0x0000022f7b377f88>
2023-02-08 05:08:42 -0700 : Dictionary is initializing. #<Dictionary:0x000001c023238040>
2023-02-08 05:08:42 -0700 : Dictionary is initializing. #<Dictionary:0x000001dfa7857a90>
2023-02-08 05:09:06 -0700 : Dictionary is initializing. #<Dictionary:0x0000020f8b0378b0>
2023-02-08 05:09:26 -0700 : Dictionary is initializing. #<Dictionary:0x0000023065bd8520>
2023-02-08 05:09:48 -0700 : Dictionary is initializing. #<Dictionary:0x000002bd09317a90>
2023-02-08 05:09:49 -0700 : Dictionary is initializing. #<Dictionary:0x0000018675a27f90>
2023-02-08 05:09:49 -0700 : Dictionary is initializing. #<Dictionary:0x00000288b8617f90>
2023-02-08 05:09:50 -0700 : Dictionary is initializing. #<Dictionary:0x0000024d64368040>
2023-02-08 05:09:51 -0700 : Dictionary is initializing. #<Dictionary:0x0000021381937768>
2023-02-08 05:09:52 -0700 : Dictionary is initializing. #<Dictionary:0x00000173e2ad7a80>
2023-02-08 05:09:53 -0700 : Dictionary is initializing. #<Dictionary:0x0000017739af83e8>
2023-02-08 05:09:53 -0700 : Dictionary is initializing. #<Dictionary:0x0000019035d18528>
2023-02-08 05:09:54 -0700 : Dictionary is initializing. #<Dictionary:0x0000017e42dd7a90>
2023-02-08 05:09:55 -0700 : Dictionary is initializing. #<Dictionary:0x0000025d01507a98>
2023-02-08 05:09:56 -0700 : Dictionary is initializing. #<Dictionary:0x0000017c233c7f80>
2023-02-08 05:09:57 -0700 : Dictionary is initializing. #<Dictionary:0x00000147c0b28848>
2023-02-08 05:09:57 -0700 : Dictionary is initializing. #<Dictionary:0x000001e6d0cb7a88>
2023-02-08 05:09:58 -0700 : Dictionary is initializing. #<Dictionary:0x000002109a6d8038>
2023-02-08 05:09:59 -0700 : Dictionary is initializing. #<Dictionary:0x000002cbee588858>
2023-02-08 05:10:00 -0700 : Dictionary is initializing. #<Dictionary:0x000001b199ad7f90>
2023-02-08 05:10:01 -0700 : Dictionary is initializing. #<Dictionary:0x00000181a6307a90>
2023-02-08 05:10:01 -0700 : Dictionary is initializing. #<Dictionary:0x000001f4c6287780>
2023-02-08 05:10:02 -0700 : Dictionary is initializing. #<Dictionary:0x000001da37a58850>
2023-02-08 05:10:03 -0700 : Dictionary is initializing. #<Dictionary:0x000001d70d9378b8>
2023-02-08 05:10:04 -0700 : Dictionary is initializing. #<Dictionary:0x000001ee9dbc7f90>
2023-02-08 05:10:05 -0700 : Dictionary is initializing. #<Dictionary:0x000001e9cd1c7f88>
2023-02-08 05:10:06 -0700 : Dictionary is initializing. #<Dictionary:0x00000166619a7a90>
2023-02-08 05:10:07 -0700 : Dictionary is initializing. #<Dictionary:0x0000019851327f90>
2023-02-08 05:10:08 -0700 : Dictionary is initializing. #<Dictionary:0x00000257653c7f80>
2023-02-08 05:10:08 -0700 : Dictionary is initializing. #<Dictionary:0x000002aee73e8030>
2023-02-08 05:10:09 -0700 : Dictionary is initializing. #<Dictionary:0x000002b583837f80>
2023-02-08 05:10:10 -0700 : Dictionary is initializing. #<Dictionary:0x000001da38e77a98>
2023-02-08 05:10:11 -0700 : Dictionary is initializing. #<Dictionary:0x000002d8b6b478a0>
2023-02-08 05:10:12 -0700 : Dictionary is initializing. #<Dictionary:0x0000024c147478b0>
2023-02-08 05:10:13 -0700 : Dictionary is initializing. #<Dictionary:0x00000285f7187a98>
2023-02-08 05:10:14 -0700 : Dictionary is initializing. #<Dictionary:0x000001eeeacb7a98>
2023-02-08 05:10:15 -0700 : Dictionary is initializing. #<Dictionary:0x0000022216d37a90>
2023-02-08 05:10:16 -0700 : Dictionary is initializing. #<Dictionary:0x000001e38ed67f90>
2023-02-08 05:10:17 -0700 : Dictionary is initializing. #<Dictionary:0x0000019d277b78a0>
2023-02-08 05:10:18 -0700 : Dictionary is initializing. #<Dictionary:0x00000215ff5e7a88>
2023-02-08 05:10:19 -0700 : Dictionary is initializing. #<Dictionary:0x00000140a0307aa0>
2023-02-08 05:10:20 -0700 : Dictionary is initializing. #<Dictionary:0x000001b159818498>
2023-02-08 05:10:21 -0700 : Dictionary is initializing. #<Dictionary:0x00000248d4bc8850>
2023-02-08 05:10:22 -0700 : Dictionary is initializing. #<Dictionary:0x000001cc83547f80>
2023-02-08 05:10:23 -0700 : Dictionary is initializing. #<Dictionary:0x000002872ce37aa0>
2023-02-08 05:10:24 -0700 : Dictionary is initializing. #<Dictionary:0x00000274b4b07f90>
2023-02-08 05:10:25 -0700 : Dictionary is initializing. #<Dictionary:0x000001e2b7467f80>
2023-02-08 05:10:26 -0700 : Dictionary is initializing. #<Dictionary:0x000001cd5ae678b8>
2023-02-08 05:10:27 -0700 : Dictionary is initializing. #<Dictionary:0x000001aed0297770>
2023-02-08 05:10:28 -0700 : Dictionary is initializing. #<Dictionary:0x00000245d52b7f88>
2023-02-08 05:10:29 -0700 : Dictionary is initializing. #<Dictionary:0x000002aafec37a98>
2023-02-08 05:10:30 -0700 : Dictionary is initializing. #<Dictionary:0x000001d4ba0d8848>
2023-02-08 05:10:31 -0700 : Dictionary is initializing. #<Dictionary:0x000001e1432e8030>
2023-02-08 05:10:32 -0700 : Dictionary is initializing. #<Dictionary:0x000002119bf27f98>
2023-02-08 05:10:33 -0700 : Dictionary is initializing. #<Dictionary:0x000001867d768400>
2023-02-08 05:10:34 -0700 : Dictionary is initializing. #<Dictionary:0x00000275f5127f88>
2023-02-08 05:10:35 -0700 : Dictionary is initializing. #<Dictionary:0x0000021a06bb8858>
2023-02-08 05:10:36 -0700 : Dictionary is initializing. #<Dictionary:0x0000023838f878a8>
2023-02-08 05:10:37 -0700 : Dictionary is initializing. #<Dictionary:0x000002dbdfbf78a0>
2023-02-08 05:10:38 -0700 : Dictionary is initializing. #<Dictionary:0x00000138860b7a88>
2023-02-08 05:10:39 -0700 : Dictionary is initializing. #<Dictionary:0x000001090e0b7f80>
2023-02-08 05:10:40 -0700 : Dictionary is initializing. #<Dictionary:0x000001bcbf5f78a0>
2023-02-08 05:10:41 -0700 : Dictionary is initializing. #<Dictionary:0x000001c3fd437f98>
2023-02-08 05:10:42 -0700 : Dictionary is initializing. #<Dictionary:0x0000018087368860>
2023-02-08 05:10:44 -0700 : Dictionary is initializing. #<Dictionary:0x0000015a0ea57f80>
2023-02-08 05:10:45 -0700 : Dictionary is initializing. #<Dictionary:0x00000177b8e37a98>
2023-02-08 05:10:46 -0700 : Dictionary is initializing. #<Dictionary:0x000002481be678b8>
2023-02-08 05:10:47 -0700 : Dictionary is initializing. #<Dictionary:0x0000026a2fc17aa0>
2023-02-08 05:10:48 -0700 : Dictionary is initializing. #<Dictionary:0x00000238c6027aa0>
2023-02-08 05:10:49 -0700 : Dictionary is initializing. #<Dictionary:0x0000023f38267a90>
2023-02-08 05:10:50 -0700 : Dictionary is initializing. #<Dictionary:0x000002a1552c7768>
2023-02-08 05:10:51 -0700 : Dictionary is initializing. #<Dictionary:0x00000149320d8028>
2023-02-08 05:10:53 -0700 : Dictionary is initializing. #<Dictionary:0x000001d057328038>
2023-02-08 05:10:54 -0700 : Dictionary is initializing. #<Dictionary:0x000002d0a9507f90>
2023-02-08 05:10:56 -0700 : Dictionary is initializing. #<Dictionary:0x000002cbd2707768>
2023-02-08 05:10:57 -0700 : Dictionary is initializing. #<Dictionary:0x000001bfe3167f98>
2023-02-08 05:10:58 -0700 : Dictionary is initializing. #<Dictionary:0x0000025e562a7770>
2023-02-08 05:10:59 -0700 : Dictionary is initializing. #<Dictionary:0x000001a27b778840>
2023-02-08 05:11:01 -0700 : Dictionary is initializing. #<Dictionary:0x0000021e66d78030>
2023-02-08 05:11:02 -0700 : Dictionary is initializing. #<Dictionary:0x000001f31d4a7f88>
2023-02-08 05:11:03 -0700 : Dictionary is initializing. #<Dictionary:0x000002c3536e7f80>
2023-02-08 05:11:04 -0700 : Dictionary is initializing. #<Dictionary:0x0000014254d17f80>
2023-02-08 05:11:05 -0700 : Dictionary is initializing. #<Dictionary:0x000001c274637f80>
2023-02-08 05:11:06 -0700 : Dictionary is initializing. #<Dictionary:0x000001884b667a90>
2023-02-08 05:11:08 -0700 : Dictionary is initializing. #<Dictionary:0x0000022884507f90>
2023-02-08 05:11:09 -0700 : Dictionary is initializing. #<Dictionary:0x00000173bdd37f98>
2023-02-08 05:11:10 -0700 : Dictionary is initializing. #<Dictionary:0x000001dd5fe078b8>
2023-02-08 05:11:11 -0700 : Dictionary is initializing. #<Dictionary:0x0000026fd8917f90>
2023-02-08 05:11:12 -0700 : Dictionary is initializing. #<Dictionary:0x0000024a26ba7f80>
2023-02-08 05:11:14 -0700 : Dictionary is initializing. #<Dictionary:0x000001f3be7d7f90>
2023-02-08 05:11:15 -0700 : Dictionary is initializing. #<Dictionary:0x0000025cf8197f88>
2023-02-08 05:11:16 -0700 : Dictionary is initializing. #<Dictionary:0x000001242bf77f88>
2023-02-08 05:11:17 -0700 : Dictionary is initializing. #<Dictionary:0x00000146e4b67f98>
2023-02-08 05:11:18 -0700 : Dictionary is initializing. #<Dictionary:0x0000028f30c57f80>
2023-02-08 05:11:20 -0700 : Dictionary is initializing. #<Dictionary:0x000001e7ca1f8840>
2023-02-08 05:11:21 -0700 : Dictionary is initializing. #<Dictionary:0x000001aa47dd7aa0>
2023-02-08 05:11:22 -0700 : Dictionary is initializing. #<Dictionary:0x0000020f3ecd7770>
2023-02-08 05:11:24 -0700 : Dictionary is initializing. #<Dictionary:0x0000023066188858>
2023-02-08 05:11:25 -0700 : Dictionary is initializing. #<Dictionary:0x0000016880118480>
2023-02-08 05:11:27 -0700 : Dictionary is initializing. #<Dictionary:0x000002b81af98858>
2023-02-08 05:11:28 -0700 : Dictionary is initializing. #<Dictionary:0x000001bb6f877f90>
2023-02-08 05:11:30 -0700 : Dictionary is initializing. #<Dictionary:0x0000022e0cdb7f90>
2023-02-08 05:11:31 -0700 : Dictionary is initializing. #<Dictionary:0x000001fe84527f90>
2023-02-08 05:11:33 -0700 : Dictionary is initializing. #<Dictionary:0x000001cae50c7f90>
2023-02-08 05:11:34 -0700 : Dictionary is initializing. #<Dictionary:0x00000266753e8860>
2023-02-08 05:11:36 -0700 : Dictionary is initializing. #<Dictionary:0x000001a11a7c7a88>
2023-02-08 05:11:37 -0700 : Dictionary is initializing. #<Dictionary:0x0000016cc63a7f80>
2023-02-08 05:11:38 -0700 : Dictionary is initializing. #<Dictionary:0x0000024dfcd78858>
2023-02-08 05:11:40 -0700 : Dictionary is initializing. #<Dictionary:0x000002564cf878a8>
2023-02-08 05:11:41 -0700 : Dictionary is initializing. #<Dictionary:0x0000016204928850>
2023-02-08 05:11:43 -0700 : Dictionary is initializing. #<Dictionary:0x0000018c56da7f80>
2023-02-08 05:11:44 -0700 : Dictionary is initializing. #<Dictionary:0x000001ff0dd17fa0>
2023-02-08 05:11:47 -0700 : Dictionary is initializing. #<Dictionary:0x0000020c0b937a88>
2023-02-08 05:11:49 -0700 : Dictionary is initializing. #<Dictionary:0x000002bd40ad78c0>
2023-02-08 05:11:50 -0700 : Dictionary is initializing. #<Dictionary:0x00000130bc5d8520>
2023-02-08 05:11:52 -0700 : Dictionary is initializing. #<Dictionary:0x0000025adfa98850>
2023-02-08 05:11:54 -0700 : Dictionary is initializing. #<Dictionary:0x000002092a7a8840>
2023-02-08 05:11:56 -0700 : Dictionary is initializing. #<Dictionary:0x0000025794167a90>
2023-02-08 05:11:58 -0700 : Dictionary is initializing. #<Dictionary:0x00000231403f7fa0>
2023-02-08 05:12:00 -0700 : Dictionary is initializing. #<Dictionary:0x0000018c1d597f90>
2023-02-08 05:12:02 -0700 : Dictionary is initializing. #<Dictionary:0x0000014015d17f80>
2023-02-08 05:12:05 -0700 : Dictionary is initializing. #<Dictionary:0x0000024ba0507f88>
2023-02-08 05:12:06 -0700 : Dictionary is initializing. #<Dictionary:0x000001df1dd67f88>
2023-02-08 05:12:08 -0700 : Dictionary is initializing. #<Dictionary:0x000001b3f8ac7a80>
2023-02-08 05:12:09 -0700 : Dictionary is initializing. #<Dictionary:0x00000170d40e7f90>
2023-02-08 05:12:11 -0700 : Dictionary is initializing. #<Dictionary:0x000001f15cc57a98>
2023-02-08 05:12:12 -0700 : Dictionary is initializing. #<Dictionary:0x000001ab051e7768>
2023-02-08 05:12:14 -0700 : Dictionary is initializing. #<Dictionary:0x00000254eab97f80>
2023-02-08 05:12:16 -0700 : Dictionary is initializing. #<Dictionary:0x0000020b5afe7a88>
2023-02-08 05:12:18 -0700 : Dictionary is initializing. #<Dictionary:0x000002c856938840>
2023-02-08 05:12:19 -0700 : Dictionary is initializing. #<Dictionary:0x0000024690887f88>
2023-02-08 05:12:21 -0700 : Dictionary is initializing. #<Dictionary:0x0000024a9bfa7a98>
2023-02-08 05:12:23 -0700 : Dictionary is initializing. #<Dictionary:0x000002b03c758840>
2023-02-08 05:12:26 -0700 : Dictionary is initializing. #<Dictionary:0x00000200325a8848>
2023-02-08 05:12:28 -0700 : Dictionary is initializing. #<Dictionary:0x00000210b1657a98>
2023-02-08 05:12:29 -0700 : Dictionary is initializing. #<Dictionary:0x000002a2e0117f80>
2023-02-08 05:12:31 -0700 : Dictionary is initializing. #<Dictionary:0x00000235a5cc7a90>
2023-02-08 05:12:33 -0700 : Dictionary is initializing. #<Dictionary:0x0000020fe9497aa0>
2023-02-08 05:12:35 -0700 : Dictionary is initializing. #<Dictionary:0x0000026ffd877a98>
2023-02-08 05:12:36 -0700 : Dictionary is initializing. #<Dictionary:0x000001fb8dbc7f98>
2023-02-08 05:12:38 -0700 : Dictionary is initializing. #<Dictionary:0x000001b7b01e7a80>
2023-02-08 05:12:39 -0700 : Dictionary is initializing. #<Dictionary:0x0000028a520c8530>
2023-02-08 05:12:41 -0700 : Dictionary is initializing. #<Dictionary:0x000001f00c3b8848>
2023-02-08 05:12:43 -0700 : Dictionary is initializing. #<Dictionary:0x000001e39fc67f80>
2023-02-08 05:12:45 -0700 : Dictionary is initializing. #<Dictionary:0x00000131421078a8>
2023-02-08 05:12:46 -0700 : Dictionary is initializing. #<Dictionary:0x000002639dd37f90>
2023-02-08 05:12:48 -0700 : Dictionary is initializing. #<Dictionary:0x000001c09d5f78a0>
2023-02-08 05:12:50 -0700 : Dictionary is initializing. #<Dictionary:0x0000020544047f90>
2023-02-08 05:12:51 -0700 : Dictionary is initializing. #<Dictionary:0x00000223934a7fa0>
2023-02-08 05:12:54 -0700 : Dictionary is initializing. #<Dictionary:0x000001b7082078b0>
2023-02-08 05:12:56 -0700 : Dictionary is initializing. #<Dictionary:0x00000299ce9283e8>
2023-02-08 05:12:58 -0700 : Dictionary is initializing. #<Dictionary:0x00000195f0677fa0>
2023-02-08 05:13:01 -0700 : Dictionary is initializing. #<Dictionary:0x0000021d27d87f98>
2023-02-08 05:13:03 -0700 : Dictionary is initializing. #<Dictionary:0x000002a4fd8e7f98>
2023-02-08 05:13:05 -0700 : Dictionary is initializing. #<Dictionary:0x0000020ccb5d7a80>
2023-02-08 05:13:07 -0700 : Dictionary is initializing. #<Dictionary:0x0000016481508840>
2023-02-08 05:13:09 -0700 : Dictionary is initializing. #<Dictionary:0x00000212bf0a7f98>
2023-02-08 05:13:11 -0700 : Dictionary is initializing. #<Dictionary:0x000002be98067760>
2023-02-08 05:13:13 -0700 : Dictionary is initializing. #<Dictionary:0x00000283ac8c7f80>
2023-02-08 05:13:16 -0700 : Dictionary is initializing. #<Dictionary:0x000002749d0c8028>
2023-02-08 05:13:19 -0700 : Dictionary is initializing. #<Dictionary:0x0000016ebd807aa0>
2023-02-08 05:13:23 -0700 : Dictionary is initializing. #<Dictionary:0x000002bb13b67a80>
2023-02-08 05:13:28 -0700 : Dictionary is initializing. #<Dictionary:0x000001c9864e7a90>
2023-02-08 05:13:40 -0700 : Dictionary is initializing. #<Dictionary:0x000001c2014e7a90>
2023-02-08 05:13:43 -0700 : Dictionary is initializing. #<Dictionary:0x000001f1bc337f98>
2023-02-08 05:13:45 -0700 : Dictionary is initializing. #<Dictionary:0x000001d304537770>
2023-02-08 05:13:47 -0700 : Dictionary is initializing. #<Dictionary:0x000001ee9acd7aa0>
2023-02-08 05:13:49 -0700 : Dictionary is initializing. #<Dictionary:0x0000014109417a80>
2023-02-08 05:13:50 -0700 : Dictionary is initializing. #<Dictionary:0x0000020753617f90>
2023-02-08 05:13:52 -0700 : Dictionary is initializing. #<Dictionary:0x00000207fe3878b0>
2023-02-08 05:13:54 -0700 : Dictionary is initializing. #<Dictionary:0x000002239f357a90>
2023-02-08 05:13:56 -0700 : Dictionary is initializing. #<Dictionary:0x000001f69bc37f88>
2023-02-08 05:13:58 -0700 : Dictionary is initializing. #<Dictionary:0x000002b3455f7a80>
2023-02-08 05:14:00 -0700 : Dictionary is initializing. #<Dictionary:0x0000029a3b6b8488>
2023-02-08 05:14:04 -0700 : Dictionary is initializing. #<Dictionary:0x0000029e81e97a88>
2023-02-08 05:14:09 -0700 : Dictionary is initializing. #<Dictionary:0x000001a02a5c7f80>
2023-02-08 05:14:13 -0700 : Dictionary is initializing. #<Dictionary:0x0000019d751d7770>
2023-02-08 05:14:15 -0700 : Dictionary is initializing. #<Dictionary:0x000001cb69ab7760>
2023-02-08 05:14:19 -0700 : Dictionary is initializing. #<Dictionary:0x000001c5fe147f88>
2023-02-08 05:14:21 -0700 : Dictionary is initializing. #<Dictionary:0x000001c572b38858>
2023-02-08 05:14:25 -0700 : Dictionary is initializing. #<Dictionary:0x000001c046e17aa0>
2023-02-08 05:14:28 -0700 : Dictionary is initializing. #<Dictionary:0x00000296ff757f90>
2023-02-08 05:14:30 -0700 : Dictionary is initializing. #<Dictionary:0x000001b8f5798858>
2023-02-08 05:14:32 -0700 : Dictionary is initializing. #<Dictionary:0x00000173a9bd7a90>
2023-02-08 05:14:34 -0700 : Dictionary is initializing. #<Dictionary:0x000002201c437a90>
2023-02-08 05:16:34 -0700 : Dictionary is initializing. #<Dictionary:0x000001ca83548040>
2023-02-08 05:16:35 -0700 : Dictionary is initializing. #<Dictionary:0x000001fa8b687f90>
2023-02-08 05:16:36 -0700 : Dictionary is initializing. #<Dictionary:0x000001d9789c7a90>
2023-02-08 08:04:28 -0700 : Dictionary is initializing. #<Dictionary:0x000002f2c16b7f90>
2023-02-08 08:05:42 -0700 : Dictionary is initializing. #<Dictionary:0x0000021b23ec7760>
2023-02-08 08:10:24 -0700 : Dictionary is initializing. #<Dictionary:0x0000017626fd7b20>
2023-02-08 08:13:32 -0700 : Dictionary is initializing. #<Dictionary:0x0000017d01508028>
2023-02-08 08:14:39 -0700 : Dictionary is initializing. #<Dictionary:0x0000021c18df7b28>
2023-02-08 08:18:25 -0700 : Dictionary is initializing. #<Dictionary:0x0000022e6c228660>
2023-02-08 08:54:22 -0700 : Dictionary is initializing. #<Dictionary:0x000002b30ca283e0>
2023-02-08 09:01:44 -0700 : Dictionary is initializing. #<Dictionary:0x00000125acd88f38>
2023-02-08 09:13:25 -0700 : Dictionary is initializing. #<Dictionary:0x0000017b069183e0>
2023-02-08 09:14:27 -0700 : Dictionary is initializing. #<Dictionary:0x0000025d5f139070>
2023-02-08 09:19:04 -0700 : Dictionary is initializing. #<Dictionary:0x000002d03cb183e8>
2023-02-08 09:22:34 -0700 : Dictionary is initializing. #<Dictionary:0x000001af895c8660>
2023-02-08 09:51:41 -0700 : Dictionary is initializing. #<Dictionary:0x0000014ee5ac83e0>
2023-02-08 09:54:44 -0700 : Dictionary is initializing. #<Dictionary:0x000001d8d4197d10>
2023-02-08 09:56:13 -0700 : Dictionary is initializing. #<Dictionary:0x000001855f2183e8>
2023-02-08 09:56:50 -0700 : Dictionary is initializing. #<Dictionary:0x0000017b9daf7db8>
2023-02-08 12:29:22 -0700 : Dictionary is initializing. #<Dictionary:0x000001a2e9be7d18>
2023-02-08 12:38:21 -0700 : Dictionary is initializing. #<Dictionary:0x000001959c199118>
2023-02-08 12:43:52 -0700 : Dictionary is initializing. #<Dictionary:0x00000246575b9100>
2023-02-08 13:03:07 -0700 : Dictionary is initializing. #<Dictionary:0x0000025d5bb37b20>
2023-02-08 13:04:28 -0700 : Dictionary is initializing. #<Dictionary:0x000001a1f1307b38>
2023-02-08 13:05:52 -0700 : Dictionary is initializing. #<Dictionary:0x0000018d7d408218>
2023-02-08 13:10:06 -0700 : Dictionary is initializing. #<Dictionary:0x000001b3f3297b30>
2023-02-08 13:11:30 -0700 : Dictionary is initializing. #<Dictionary:0x000001dc90317b30>
2023-02-08 13:56:50 -0700 : Dictionary is initializing. #<Dictionary:0x0000020d2c4c7bc0>
2023-02-08 17:11:51 -0700 : Dictionary is initializing. #<Dictionary:0x0000028f25767b20>
2023-02-08 19:03:30 -0700 : Dictionary is initializing. #<Dictionary:0x00000267b7627b38>
2023-02-09 01:32:54 -0700 : Dictionary is initializing. #<Dictionary:0x0000024c31967bc8>
2023-02-09 01:33:18 -0700 : Dictionary is initializing. #<Dictionary:0x00000281074e7b38>
2023-02-09 01:33:35 -0700 : Dictionary is initializing. #<Dictionary:0x0000027ced8b7b28>
2023-02-09 01:38:35 -0700 : Dictionary is initializing. #<Dictionary:0x0000021394247bc0>
2023-02-09 01:40:45 -0700 : Dictionary is initializing. #<Dictionary:0x0000018bc19f7b28>
2023-02-09 01:45:48 -0700 : Dictionary is initializing. #<Dictionary:0x00000130d87d8480>
2023-02-09 01:46:01 -0700 : Dictionary is initializing. #<Dictionary:0x000001a358bc7b20>
2023-02-09 01:55:45 -0700 : Dictionary is initializing. #<Dictionary:0x000001d37d607b40>
2023-02-09 01:58:36 -0700 : Dictionary is initializing. #<Dictionary:0x000002223dbd7d18>
2023-02-09 02:04:46 -0700 : Dictionary is initializing. #<Dictionary:0x00000200b5277b28>
2023-02-10 02:18:29 -0700 : Dictionary is initializing. #<Dictionary:0x00000205da0185d8>
2023-02-10 02:21:13 -0700 : Dictionary is initializing. #<Dictionary:0x0000026420597b40>
2023-02-10 02:22:42 -0700 : Dictionary is initializing. #<Dictionary:0x000001ddf0fc7d10>
2023-02-10 02:24:18 -0700 : Dictionary is initializing. #<Dictionary:0x000001fa08c18488>
2023-02-10 02:34:33 -0700 : Dictionary is initializing. #<Dictionary:0x000001f53fc67b28>
2023-02-10 02:34:48 -0700 : Dictionary is initializing. #<Dictionary:0x0000029a4bc97d08>
2023-02-10 02:36:20 -0700 : Dictionary is initializing. #<Dictionary:0x0000027a66058218>
2023-02-10 02:44:12 -0700 : Dictionary is initializing. #<Dictionary:0x000001fba8c57b28>
2023-02-10 02:55:14 -0700 : Dictionary is initializing. #<Dictionary:0x0000016a901985d8>
2023-02-10 02:55:40 -0700 : Dictionary is initializing. #<Dictionary:0x000001dcd33e7d10>
2023-02-10 02:56:52 -0700 : Dictionary is initializing. #<Dictionary:0x000001f7df298488>
2023-02-10 03:14:01 -0700 : Dictionary is initializing. #<Dictionary:0x000001e8e42ac3c0>
2023-02-10 03:14:12 -0700 : Dictionary is initializing. #<Dictionary:0x0000025b2c40d718>
2023-02-10 03:25:16 -0700 : Dictionary is initializing. #<Dictionary:0x000001f04774d720>
2023-02-10 03:25:29 -0700 : Attempting to add the item 'hello' to bank 0.
2023-02-10 03:25:29 -0700 : Search operation begun for tag: hello. Searching current bank 0.
2023-02-10 03:25:29 -0700 : Search operation complete, result for 'hello' false.
2023-02-10 03:25:29 -0700 : Item 'hello' was not found in any banks.
2023-02-10 03:25:29 -0700 : Item 'hello' was added to bank 0.
2023-02-10 03:25:46 -0700 : Attempting to add the item '["hello2"]' to bank 0.
2023-02-10 03:25:46 -0700 : Search operation begun for tag: ["hello2"]. Searching current bank 0.
2023-02-10 03:25:46 -0700 : Unloading current bank 0 to search other banks.
2023-02-10 03:25:46 -0700 : Bank 0 was saved. Size: 1
2023-02-10 03:25:46 -0700 : Bank 0 was loaded. Size: 1
2023-02-10 03:25:46 -0700 : Search operation complete, result for '["hello2"]' false.
2023-02-10 03:25:46 -0700 : Item '["hello2"]' was not found in any banks.
2023-02-10 03:25:46 -0700 : Item '["hello2"]' was added to bank 0.
2023-02-10 03:26:04 -0700 : Bank 0 was loaded. Size: 1
2023-02-10 03:28:16 -0700 : Dictionary is initializing. #<Dictionary:0x000001a51d929938>
2023-02-10 03:28:58 -0700 : Dictionary is initializing. #<Dictionary:0x00000179f765d520>
2023-02-10 03:29:52 -0700 : Dictionary is initializing. #<Dictionary:0x000002604258c3a8>
2023-02-10 04:45:18 -0700 : Dictionary is initializing. #<Dictionary:0x000002559514d718>
2023-02-10 04:53:42 -0700 : Dictionary is initializing. #<Dictionary:0x000001b9d2efd7a0>
2023-02-10 04:53:51 -0700 : Dictionary is initializing. #<Dictionary:0x000001ebf661d210>
2023-02-10 04:54:05 -0700 : Dictionary is initializing. #<Dictionary:0x000002009947d178>
2023-02-10 04:56:30 -0700 : Dictionary is initializing. #<Dictionary:0x000001c10757d720>
2023-02-10 04:56:51 -0700 : Dictionary is initializing. #<Dictionary:0x000001847e3fd708>
2023-02-10 04:58:18 -0700 : Dictionary is initializing. #<Dictionary:0x000001c697e0d710>
2023-02-10 05:07:32 -0700 : Dictionary is initializing. #<Dictionary:0x00000250b026ca98>
2023-02-10 05:10:13 -0700 : Dictionary is initializing. #<Dictionary:0x000001580878d7a8>
2023-02-10 05:19:08 -0700 : Dictionary is initializing. #<Dictionary:0x000001d1dfd2d720>
2023-02-10 05:20:25 -0700 : Dictionary is initializing. #<Dictionary:0x000001727f8fd7a0>
2023-02-10 05:21:39 -0700 : Dictionary is initializing. #<Dictionary:0x00000167362fd7a0>
2023-02-10 05:26:37 -0700 : Dictionary is initializing. #<Dictionary:0x00000226bb2fd710>
2023-02-10 07:46:05 -0700 : Dictionary is initializing. #<Dictionary:0x00000201773ad700>
2023-02-10 07:51:31 -0700 : Dictionary is initializing. #<Dictionary:0x000001b39a4fd7c0>
2023-02-10 07:52:46 -0700 : Dictionary is initializing. #<Dictionary:0x00000195cf77d718>
2023-02-10 07:55:26 -0700 : Dictionary is initializing. #<Dictionary:0x000001e7cf77d7c0>
2023-02-10 07:55:41 -0700 : Dictionary is initializing. #<Dictionary:0x00000248d6649bc0>
2023-02-10 07:56:59 -0700 : Dictionary is initializing. #<Dictionary:0x0000028d507dd720>
2023-02-10 08:01:47 -0700 : Dictionary is initializing. #<Dictionary:0x000001c75a6ed700>
2023-02-10 08:05:33 -0700 : Dictionary is initializing. #<Dictionary:0x000001de5539d700>
2023-02-10 08:07:05 -0700 : Dictionary is initializing. #<Dictionary:0x000002134be7d7a8>
2023-02-10 08:09:49 -0700 : Dictionary is initializing. #<Dictionary:0x0000029eda6ece60>
2023-02-10 08:10:21 -0700 : Dictionary is initializing. #<Dictionary:0x000001281c7fd218>
2023-02-10 08:11:38 -0700 : Dictionary is initializing. #<Dictionary:0x000001480d69d218>
2023-02-10 08:12:50 -0700 : Dictionary is initializing. #<Dictionary:0x00000180ef87c1e0>
2023-02-10 09:22:56 -0700 : Dictionary is initializing. #<Dictionary:0x0000019515ead200>
2023-02-10 10:07:13 -0700 : Dictionary is initializing. #<Dictionary:0x00000237e77375a0>
2023-02-10 10:07:18 -0700 : Dictionary is initializing. #<Dictionary:0x0000023fe700ca98>
2023-02-10 10:14:29 -0700 : Dictionary is initializing. #<Dictionary:0x0000029675bcd488>
2023-02-10 10:17:41 -0700 : Dictionary is initializing. #<Dictionary:0x000002353dcfd4a0>
2023-02-10 10:18:02 -0700 : Dictionary is initializing. #<Dictionary:0x0000023c9d1cd488>
2023-02-10 10:18:39 -0700 : Dictionary is initializing. #<Dictionary:0x000001804ed3ac00>
2023-02-10 10:20:06 -0700 : Dictionary is initializing. #<Dictionary:0x0000021288a1d488>
2023-02-10 10:21:11 -0700 : Dictionary is initializing. #<Dictionary:0x0000022c089d9f78>
2023-02-10 10:24:15 -0700 : Dictionary is initializing. #<Dictionary:0x000001e775d5d3e8>
2023-02-10 10:25:12 -0700 : Dictionary is initializing. #<Dictionary:0x000001ed8ee7d0d8>
2023-02-10 10:27:57 -0700 : Dictionary is initializing. #<Dictionary:0x000001e9d5d2cf88>
2023-02-10 10:30:22 -0700 : Dictionary is initializing. #<Dictionary:0x00000206879a9f68>
2023-02-10 10:53:44 -0700 : Dictionary is initializing. #<Dictionary:0x000001daedd39f68>
2023-02-10 12:08:44 -0700 : Dictionary is initializing. #<Dictionary:0x0000019a06799ec8>
2023-02-10 12:09:09 -0700 : Dictionary is initializing. #<Dictionary:0x00000212953c9ed0>
2023-02-10 12:09:35 -0700 : Dictionary is initializing. #<Dictionary:0x000002a139e59ed0>
2023-02-10 12:11:21 -0700 : Dictionary is initializing. #<Dictionary:0x000001e706179ed8>
2023-02-10 13:04:35 -0700 : Dictionary is initializing. #<Dictionary:0x000001c781609f60>
2023-02-10 14:00:21 -0700 : Dictionary is initializing. #<Dictionary:0x0000020d85149ee0>
2023-02-10 15:33:38 -0700 : Dictionary is initializing. #<Dictionary:0x000001a8da369f78>
2023-02-10 15:47:23 -0700 : Dictionary is initializing. #<Dictionary:0x000001e830869ec0>
2023-02-10 15:48:01 -0700 : Dictionary is initializing. #<Dictionary:0x000001a3c37e9f60>
2023-02-10 16:35:31 -0700 : Dictionary is initializing. #<Dictionary:0x0000016addcb9ed8>
2023-02-10 17:25:06 -0700 : Dictionary is initializing. #<Dictionary:0x00000239d5e79f80>
2023-02-10 17:27:34 -0700 : Dictionary is initializing. #<Dictionary:0x0000019009659ec0>
2023-02-10 17:27:57 -0700 : Dictionary is initializing. #<Dictionary:0x0000017ccd719f80>
2023-02-10 17:28:01 -0700 : Dictionary is initializing. #<Dictionary:0x0000020519289f68>
2023-02-10 17:30:05 -0700 : Dictionary is initializing. #<Dictionary:0x000001a574ed9ed0>
2023-02-10 17:44:47 -0700 : Dictionary is initializing. #<Dictionary:0x000002669a5dcf98>
2023-02-11 01:40:58 -0700 : Dictionary is initializing. #<Dictionary:0x000001e00f07cf88>
2023-02-12 01:38:12 -0700 : Dictionary is initializing. #<Dictionary:0x0000022a09a19a70>
2023-02-12 01:53:22 -0700 : Dictionary is initializing. #<Dictionary:0x000002240b129ce8>
2023-02-12 01:59:44 -0700 : Dictionary is initializing. #<Dictionary:0x0000021091fbcf90>
2023-02-14 13:37:39 -0700 : Dictionary is initializing. #<Dictionary:0x000001f44ffecfa0>
2023-02-14 13:46:25 -0700 : Dictionary is initializing. #<Dictionary:0x0000027a61d6cf80>
2023-02-16 00:43:45 -0700 : Dictionary is initializing. #<Dictionary:0x0000021af1359ec8>
2023-02-16 00:45:06 -0700 : Dictionary is initializing. #<Dictionary:0x00000177451fcf80>
2023-02-16 00:45:24 -0700 : Dictionary is initializing. #<Dictionary:0x000001b401ee9ce0>
2023-02-16 00:45:31 -0700 : Dictionary is initializing. #<Dictionary:0x000001c3db8ecf88>
2023-02-16 01:04:15 -0700 : Dictionary is initializing. #<Dictionary:0x000002aa1607d038>
2023-02-16 13:41:35 -0700 : Dictionary is initializing. #<Dictionary:0x0000025591b6cf90>
2023-02-16 13:45:05 -0700 : Dictionary is initializing. #<Dictionary:0x0000022406fccf98>
2023-02-16 13:45:43 -0700 : Dictionary is initializing. #<Dictionary:0x000002c3881dcf88>
2023-02-16 13:52:21 -0700 : Dictionary is initializing. #<Dictionary:0x000001541b85cf80>
2023-02-16 13:53:21 -0700 : Dictionary is initializing. #<Dictionary:0x000001a5803ccf90>
2023-02-16 13:55:50 -0700 : Dictionary is initializing. #<Dictionary:0x000001b67f96cf80>
2023-02-16 14:00:03 -0700 : Dictionary is initializing. #<Dictionary:0x00000243be859ce8>
2023-02-16 14:00:11 -0700 : Dictionary is initializing. #<Dictionary:0x0000026fee9bcf98>
2023-02-16 14:00:23 -0700 : Dictionary is initializing. #<Dictionary:0x0000018ff0dacf88>
2023-02-16 14:00:58 -0700 : Dictionary is initializing. #<Dictionary:0x00000242ec01cf80>
2023-02-16 14:01:21 -0700 : Dictionary is initializing. #<Dictionary:0x0000017d71e1cf90>
2023-02-16 14:02:09 -0700 : Dictionary is initializing. #<Dictionary:0x000002045a639ce0>
2023-02-16 14:02:11 -0700 : Dictionary is initializing. #<Dictionary:0x000001a96e089d00>
2023-02-16 14:02:13 -0700 : Dictionary is initializing. #<Dictionary:0x0000022217bacf80>
2023-02-16 14:02:41 -0700 : Dictionary is initializing. #<Dictionary:0x000001f2ed7f9ce8>
2023-02-16 14:02:42 -0700 : Dictionary is initializing. #<Dictionary:0x0000027376d5d180>
2023-02-16 14:02:44 -0700 : Dictionary is initializing. #<Dictionary:0x00000293e4a8cf80>
2023-02-16 14:03:01 -0700 : Dictionary is initializing. #<Dictionary:0x0000016e1a38d040>
2023-02-16 14:03:03 -0700 : Dictionary is initializing. #<Dictionary:0x0000021934c2cfa0>
2023-02-16 14:03:16 -0700 : Dictionary is initializing. #<Dictionary:0x000001e28ed3cf80>
2023-02-16 14:03:41 -0700 : Dictionary is initializing. #<Dictionary:0x00000228ba36cf88>
2023-02-16 14:05:33 -0700 : Dictionary is initializing. #<Dictionary:0x0000013f4f12d178>
2023-02-16 14:05:34 -0700 : Dictionary is initializing. #<Dictionary:0x000001d0d9a99ce0>
2023-02-16 14:05:39 -0700 : Dictionary is initializing. #<Dictionary:0x000001dcdee7d170>
2023-02-16 14:07:22 -0700 : Dictionary is initializing. #<Dictionary:0x000002545c28cfa0>
2023-02-16 14:07:57 -0700 : Dictionary is initializing. #<Dictionary:0x00000171ab01cf98>
2023-02-16 14:08:01 -0700 : Dictionary is initializing. #<Dictionary:0x000001b06affcfa0>
2023-02-16 14:08:02 -0700 : Dictionary is initializing. #<Dictionary:0x00000205ff27cf98>
2023-02-16 14:09:52 -0700 : Dictionary is initializing. #<Dictionary:0x000001dc6ee6cf98>
2023-02-16 14:09:53 -0700 : Dictionary is initializing. #<Dictionary:0x0000027509d2d040>
2023-02-16 14:09:53 -0700 : Dictionary is initializing. #<Dictionary:0x000001ee55f0cf90>
2023-02-16 14:17:26 -0700 : Dictionary is initializing. #<Dictionary:0x0000017c6ff59cf8>
2023-02-16 14:17:28 -0700 : Dictionary is initializing. #<Dictionary:0x000001ac58c3cf98>
2023-02-16 14:17:32 -0700 : Dictionary is initializing. #<Dictionary:0x000001b725f2cfa0>
2023-02-17 10:16:09 -0700 : Dictionary is initializing. #<Dictionary:0x00000278c995d028>
2023-02-18 02:50:03 -0700 : Dictionary is initializing. #<Dictionary:0x00000200c26fcf88>
2023-02-18 02:50:59 -0700 : Dictionary is initializing. #<Dictionary:0x000002bbb03baa10>
2023-02-18 02:52:14 -0700 : Dictionary is initializing. #<Dictionary:0x000001b235bbcf90>
2023-02-18 02:53:18 -0700 : Dictionary is initializing. #<Dictionary:0x000001f31f38cf98>
2023-02-18 11:52:28 -0700 : Dictionary is initializing. #<Dictionary:0x000002c6a0ad9d00>
2023-02-18 12:11:12 -0700 : Dictionary is initializing. #<Dictionary:0x0000021c14c9cf98>
2023-02-18 12:18:20 -0700 : Dictionary is initializing. #<Dictionary:0x000001d68fd59cf8>
2023-02-18 13:08:14 -0700 : Dictionary is initializing. #<Dictionary:0x000002086645d0d8>
2023-02-19 02:19:15 -0700 : Dictionary is initializing. #<Dictionary:0x000001df3103cf98>
2023-02-19 12:42:59 -0700 : Dictionary is initializing. #<Dictionary:0x000001c92ae0cfa0>
2023-02-19 15:26:24 -0700 : Dictionary is initializing. #<Dictionary:0x000001ec8ba49ce0>
2023-02-19 15:28:59 -0700 : Dictionary is initializing. #<Dictionary:0x000001fa46a9cf80>
2023-02-20 01:45:43 -0700 : Dictionary is initializing. #<Dictionary:0x000001ab3ece9ce0>
2023-02-20 01:57:38 -0700 : Dictionary is initializing. #<Dictionary:0x000001c2091e9cf0>
2023-02-20 02:00:21 -0700 : Dictionary is initializing. #<Dictionary:0x000002b5c9779d00>
2023-02-20 02:13:09 -0700 : Dictionary is initializing. #<Dictionary:0x0000022181619d98>
2023-02-20 02:18:32 -0700 : Dictionary is initializing. #<Dictionary:0x000001c9dbcb9cf0>
2023-02-20 02:18:51 -0700 : Dictionary is initializing. #<Dictionary:0x000001f62f229d00>
2023-02-20 13:42:25 -0700 : Dictionary is initializing. #<Dictionary:0x0000029339ce9ce8>
2023-02-24 07:09:37 -0700 : Dictionary is initializing. #<Dictionary:0x0000019d894e9d00>
2023-02-24 07:10:14 -0700 : Dictionary is initializing. #<Dictionary:0x000001725bd29cf8>
2023-02-24 07:11:38 -0700 : Dictionary is initializing. #<Dictionary:0x0000023652e89ce0>
2023-02-24 07:11:49 -0700 : Dictionary is initializing. #<Dictionary:0x00000170644f7b28>
2023-02-24 07:12:04 -0700 : Dictionary is initializing. #<Dictionary:0x000002045d1d9a80>
2023-02-24 07:14:53 -0700 : Dictionary is initializing. #<Dictionary:0x000001f769219cf8>
2023-02-24 07:15:47 -0700 : Dictionary is initializing. #<Dictionary:0x00000147ff759a70>
2023-02-24 07:16:04 -0700 : Dictionary is initializing. #<Dictionary:0x00000251d5269a70>
2023-02-24 07:17:13 -0700 : Dictionary is initializing. #<Dictionary:0x000001a97a729a78>
2023-02-24 07:17:40 -0700 : Dictionary is initializing. #<Dictionary:0x000001bf05a29cf0>
2023-02-24 07:18:40 -0700 : Dictionary is initializing. #<Dictionary:0x0000017461289cf0>
2023-02-24 07:18:40 -0700 : Dictionary is initializing. #<Dictionary:0x00000276b1c59a70>
2023-02-24 07:18:41 -0700 : Dictionary is initializing. #<Dictionary:0x0000024cc54e9d00>
2023-02-24 07:18:41 -0700 : Dictionary is initializing. #<Dictionary:0x000001d956e09a80>
2023-02-24 07:18:41 -0700 : Dictionary is initializing. #<Dictionary:0x0000019f2d0c9d88>
2023-02-24 07:18:41 -0700 : Dictionary is initializing. #<Dictionary:0x0000027f7f109a68>
2023-02-24 07:18:41 -0700 : Dictionary is initializing. #<Dictionary:0x0000018d80909cf0>
2023-02-24 07:18:41 -0700 : Dictionary is initializing. #<Dictionary:0x0000028aaeb09a60>
2023-02-24 07:18:42 -0700 : Dictionary is initializing. #<Dictionary:0x000001272c739cf0>
2023-02-24 07:18:42 -0700 : Dictionary is initializing. #<Dictionary:0x0000022b85a49ce8>
2023-02-24 07:19:40 -0700 : Dictionary is initializing. #<Dictionary:0x0000024376529a70>
2023-02-24 07:19:43 -0700 : Dictionary is initializing. #<Dictionary:0x000001fea5559560>
2023-02-24 07:19:43 -0700 : Dictionary is initializing. #<Dictionary:0x000001be6a0e9a78>
2023-02-24 07:19:45 -0700 : Dictionary is initializing. #<Dictionary:0x000001ff704e9a78>
2023-02-24 07:19:45 -0700 : Dictionary is initializing. #<Dictionary:0x0000022088709ce8>
2023-02-24 07:19:45 -0700 : Dictionary is initializing. #<Dictionary:0x0000024a990b9b00>
2023-02-24 07:19:45 -0700 : Dictionary is initializing. #<Dictionary:0x000001ee7c339930>
2023-02-24 07:19:45 -0700 : Dictionary is initializing. #<Dictionary:0x000001a1728e9940>
2023-02-24 07:19:45 -0700 : Dictionary is initializing. #<Dictionary:0x00000107f8039570>
2023-02-24 07:19:45 -0700 : Dictionary is initializing. #<Dictionary:0x0000023edd2f9ce8>
2023-02-24 07:19:45 -0700 : Dictionary is initializing. #<Dictionary:0x000001ceaff59d88>
2023-02-24 07:19:45 -0700 : Dictionary is initializing. #<Dictionary:0x0000021283629930>
2023-02-24 07:19:45 -0700 : Dictionary is initializing. #<Dictionary:0x000001ee633f9938>
2023-02-24 07:19:46 -0700 : Dictionary is initializing. #<Dictionary:0x0000027cd69f9b10>
2023-02-24 07:19:46 -0700 : Dictionary is initializing. #<Dictionary:0x0000016e466b9a80>
2023-02-24 07:19:46 -0700 : Dictionary is initializing. #<Dictionary:0x000001645dc99920>
2023-02-24 07:19:46 -0700 : Dictionary is initializing. #<Dictionary:0x00000262cc509b10>
2023-02-24 07:19:46 -0700 : Dictionary is initializing. #<Dictionary:0x00000286801b9a78>
2023-02-24 07:19:46 -0700 : Dictionary is initializing. #<Dictionary:0x000001e2cf1194d8>
2023-02-24 07:19:46 -0700 : Dictionary is initializing. #<Dictionary:0x000002343e9f9ce0>
2023-02-24 07:19:46 -0700 : Dictionary is initializing. #<Dictionary:0x00000236c1ea9a80>
2023-02-24 07:19:47 -0700 : Dictionary is initializing. #<Dictionary:0x0000028b2daa99d8>
2023-02-24 07:19:47 -0700 : Dictionary is initializing. #<Dictionary:0x000001a7152a9a78>
2023-02-24 07:19:47 -0700 : Dictionary is initializing. #<Dictionary:0x00000198cca49a78>
2023-02-24 07:19:50 -0700 : Dictionary is initializing. #<Dictionary:0x000002aacfa19b00>
2023-02-24 07:19:52 -0700 : Dictionary is initializing. #<Dictionary:0x0000025992bb9cf0>
2023-02-24 07:19:53 -0700 : Dictionary is initializing. #<Dictionary:0x0000014c4eb99ce0>
2023-02-24 07:19:54 -0700 : Dictionary is initializing. #<Dictionary:0x0000023c62da9da0>
2023-02-24 07:19:55 -0700 : Dictionary is initializing. #<Dictionary:0x000001397bf19ce8>
2023-02-24 07:19:55 -0700 : Dictionary is initializing. #<Dictionary:0x00000291875f9a68>
2023-02-24 07:19:55 -0700 : Dictionary is initializing. #<Dictionary:0x0000027ce50f9b00>
2023-02-25 04:59:23 -0700 : Dictionary is initializing. #<Dictionary:0x000001fc72229b18>
2023-02-25 05:01:19 -0700 : Dictionary is initializing. #<Dictionary:0x000001a4d9849cf0>
2023-02-25 05:04:18 -0700 : Dictionary is initializing. #<Dictionary:0x00000255352f9a68>
2023-02-26 01:40:29 -0700 : Dictionary is initializing. #<Dictionary:0x000001f9b0c79ce0>
2023-02-28 02:12:19 -0700 : Dictionary is initializing. #<Dictionary:0x000001e9a43e9ce0>
2023-02-28 13:11:25 -0700 : Dictionary is initializing. #<Dictionary:0x0000015a51169a70>
2023-02-28 13:17:42 -0700 : Dictionary is initializing. #<Dictionary:0x0000019136c29cf0>
2023-02-28 13:18:16 -0700 : Dictionary is initializing. #<Dictionary:0x000001d5746c9a80>
2023-03-01 14:16:49 -0700 : Dictionary is initializing. #<Dictionary:0x000001fdb18a9ed0>
2023-03-01 14:17:18 -0700 : Dictionary is initializing. #<Dictionary:0x000002774f70d168>
2023-03-01 14:26:18 -0700 : Dictionary is initializing. #<Dictionary:0x0000021dc1c09ed8>
2023-03-01 15:11:31 -0700 : Dictionary is initializing. #<Dictionary:0x0000021ea3c2cf90>
2023-03-01 15:13:47 -0700 : Dictionary is initializing. #<Dictionary:0x000001ec9f33d028>
2023-03-01 15:14:25 -0700 : Dictionary is initializing. #<Dictionary:0x000001fc9546cf88>
2023-03-01 15:14:29 -0700 : Dictionary is initializing. #<Dictionary:0x00000182423fd2a0>
2023-03-01 15:14:47 -0700 : Dictionary is initializing. #<Dictionary:0x000001d96ddb9ed8>
2023-03-01 15:14:57 -0700 : Dictionary is initializing. #<Dictionary:0x000001af51da9ce0>
2023-03-02 14:22:15 -0700 : Dictionary is initializing. #<Dictionary:0x000002e7d6b79ce0>
2023-03-02 14:22:32 -0700 : Dictionary is initializing. #<Dictionary:0x0000024df902d2a0>
2023-03-02 14:25:48 -0700 : Dictionary is initializing. #<Dictionary:0x0000016e55f0d178>
2023-03-02 14:32:02 -0700 : Dictionary is initializing. #<Dictionary:0x000002935e67d218>
2023-03-03 10:27:04 -0700 : Dictionary is initializing. #<Dictionary:0x000002b27e48d180>
2023-03-03 11:38:02 -0700 : Dictionary is initializing. #<Dictionary:0x0000018574c5d3e8>
2023-03-03 11:40:45 -0700 : Dictionary is initializing. #<Dictionary:0x000001b0e5959ec0>
2023-03-03 11:44:29 -0700 : Dictionary is initializing. #<Dictionary:0x000002b5ca929cf8>
2023-03-03 12:31:57 -0700 : Dictionary is initializing. #<Dictionary:0x0000022030809ec0>
2023-03-03 12:32:25 -0700 : Dictionary is initializing. #<Dictionary:0x0000021ed0c39ec0>
2023-03-03 13:01:00 -0700 : Dictionary is initializing. #<Dictionary:0x000001dadf42d0e0>
2023-03-03 13:03:23 -0700 : Dictionary is initializing. #<Dictionary:0x000001434f1da838>
2023-03-03 13:44:39 -0700 : Dictionary is initializing. #<Dictionary:0x0000022b40d19a80>
2023-03-03 13:45:04 -0700 : Dictionary is initializing. #<Dictionary:0x0000025a09ac9a80>
2023-03-03 13:50:18 -0700 : Dictionary is initializing. #<Dictionary:0x000001af7829cf88>
2023-03-03 23:44:51 -0700 : Dictionary is initializing. #<Dictionary:0x000001a116209cf8>
2023-03-03 23:46:35 -0700 : Dictionary is initializing. #<Dictionary:0x00000201427c9d00>
2023-03-03 23:47:01 -0700 : Dictionary is initializing. #<Dictionary:0x000001260dfd9ce0>
2023-03-03 23:50:40 -0700 : Dictionary is initializing. #<Dictionary:0x000002c4997ecf88>
2023-03-03 23:52:53 -0700 : Dictionary is initializing. #<Dictionary:0x00000286d91dcf88>
2023-03-03 23:53:12 -0700 : Dictionary is initializing. #<Dictionary:0x00000220ae289f80>
2023-03-03 23:54:49 -0700 : Dictionary is initializing. #<Dictionary:0x0000017f31f49cf8>
2023-03-03 23:55:27 -0700 : Dictionary is initializing. #<Dictionary:0x000001bc1d2a9d80>
2023-03-03 23:55:50 -0700 : Dictionary is initializing. #<Dictionary:0x0000027b53309cf8>
2023-03-03 23:55:59 -0700 : Dictionary is initializing. #<Dictionary:0x000001fad8749ee0>
2023-03-04 00:05:25 -0700 : Dictionary is initializing. #<Dictionary:0x000001c110ca9ce8>
2023-03-04 00:06:59 -0700 : Dictionary is initializing. #<Dictionary:0x00000239f8ca9cf0>
2023-03-04 00:07:55 -0700 : Dictionary is initializing. #<Dictionary:0x0000026bbe0e9d00>
2023-03-04 00:11:23 -0700 : Dictionary is initializing. #<Dictionary:0x0000022dbeae9ed8>
2023-03-04 00:15:52 -0700 : Dictionary is initializing. #<Dictionary:0x000001df2f7d9cf8>
2023-03-04 00:17:28 -0700 : Dictionary is initializing. #<Dictionary:0x000001b918c79cf0>
2023-03-04 00:18:49 -0700 : Dictionary is initializing. #<Dictionary:0x000001be6e849ee0>
2023-03-04 00:19:46 -0700 : Dictionary is initializing. #<Dictionary:0x0000025d22b39d00>
2023-03-04 00:20:05 -0700 : Dictionary is initializing. #<Dictionary:0x0000026997589cf8>
2023-03-04 00:22:10 -0700 : Dictionary is initializing. #<Dictionary:0x000002aa73f49a78>
2023-03-04 00:22:43 -0700 : Dictionary is initializing. #<Dictionary:0x00000199f9349ce0>
2023-03-04 00:23:01 -0700 : Dictionary is initializing. #<Dictionary:0x0000024f3aa89ce8>
2023-03-04 00:24:24 -0700 : Dictionary is initializing. #<Dictionary:0x000001f01c129ce8>
2023-03-04 00:25:23 -0700 : Dictionary is initializing. #<Dictionary:0x0000026aca079ce8>
2023-03-04 00:26:54 -0700 : Dictionary is initializing. #<Dictionary:0x0000021b00a69f60>
2023-03-04 00:27:25 -0700 : Dictionary is initializing. #<Dictionary:0x000002692bdd9ed8>
2023-03-04 00:27:49 -0700 : Dictionary is initializing. #<Dictionary:0x0000020284e09ec0>
2023-03-04 00:29:12 -0700 : Dictionary is initializing. #<Dictionary:0x000002625db79ed8>
2023-03-04 00:29:41 -0700 : Dictionary is initializing. #<Dictionary:0x00000214f4c29ec0>
2023-03-04 00:30:03 -0700 : Dictionary is initializing. #<Dictionary:0x000001e99d759d00>
2023-03-04 00:30:32 -0700 : Dictionary is initializing. #<Dictionary:0x000001d66db79ce8>
2023-03-04 00:31:52 -0700 : Dictionary is initializing. #<Dictionary:0x00000185d8decf88>
2023-03-04 00:32:17 -0700 : Dictionary is initializing. #<Dictionary:0x00000166ac049cf0>
2023-03-04 00:32:36 -0700 : Dictionary is initializing. #<Dictionary:0x000001a6cdbecf88>
2023-03-04 00:32:46 -0700 : Dictionary is initializing. #<Dictionary:0x0000024011a79ec0>
2023-03-04 00:38:19 -0700 : Dictionary is initializing. #<Dictionary:0x00000229ee8c9cf8>
2023-03-04 00:54:20 -0700 : Dictionary is initializing. #<Dictionary:0x0000014029069a68>
2023-03-04 00:54:33 -0700 : Dictionary is initializing. #<Dictionary:0x00000230565094d8>
2023-03-04 00:54:50 -0700 : Dictionary is initializing. #<Dictionary:0x000002c29ce89b10>
2023-03-04 00:59:19 -0700 : Dictionary is initializing. #<Dictionary:0x0000014fd2419a60>
2023-03-04 01:00:19 -0700 : Dictionary is initializing. #<Dictionary:0x000002b9592394d8>
2023-03-04 01:00:45 -0700 : Dictionary is initializing. #<Dictionary:0x000001d4e48592f0>
2023-03-04 01:10:16 -0700 : Dictionary is initializing. #<Dictionary:0x000001b2c5319420>
2023-03-04 01:10:25 -0700 : Dictionary is initializing. #<Dictionary:0x0000015c46419940>
2023-03-04 01:11:34 -0700 : Dictionary is initializing. #<Dictionary:0x000002384d1a94d8>
2023-03-04 01:12:03 -0700 : Dictionary is initializing. #<Dictionary:0x000001ea48379928>
2023-03-04 01:13:02 -0700 : Dictionary is initializing. #<Dictionary:0x0000022eeb6c9118>
2023-03-04 01:14:29 -0700 : Dictionary is initializing. #<Dictionary:0x0000014acd179940>
2023-03-04 01:15:07 -0700 : Dictionary is initializing. #<Dictionary:0x0000026190a79100>
2023-03-04 01:15:25 -0700 : Dictionary is initializing. #<Dictionary:0x00000279f31396a0>
2023-03-04 01:16:55 -0700 : Dictionary is initializing. #<Dictionary:0x0000024311ca9940>
2023-03-04 01:17:35 -0700 : Dictionary is initializing. #<Dictionary:0x00000203fae29938>
2023-03-04 01:32:31 -0700 : Dictionary is initializing. #<Dictionary:0x00000214613b9940>
2023-03-04 01:38:04 -0700 : Dictionary is initializing. #<Dictionary:0x000001a7604fade0>
2023-03-04 01:41:28 -0700 : Dictionary is initializing. #<Dictionary:0x00000287bc419ec0>
2023-03-04 01:41:47 -0700 : Dictionary is initializing. #<Dictionary:0x00000209eb669a80>
2023-03-04 01:44:42 -0700 : Dictionary is initializing. #<Dictionary:0x00000264e9a994d0>
2023-03-04 01:46:15 -0700 : Dictionary is initializing. #<Dictionary:0x00000190baae9a60>
2023-03-04 02:09:13 -0700 : Dictionary is initializing. #<Dictionary:0x000001a5165e9a68>
2023-03-04 02:19:16 -0700 : Dictionary is initializing. #<Dictionary:0x0000017ea74991a8>
2023-03-04 02:20:36 -0700 : Dictionary is initializing. #<Dictionary:0x00000246594f8fc0>
2023-03-04 02:21:52 -0700 : Dictionary is initializing. #<Dictionary:0x0000026396668fe0>
2023-03-04 02:24:08 -0700 : Dictionary is initializing. #<Dictionary:0x0000014b72c69300>
2023-03-04 02:25:32 -0700 : Dictionary is initializing. #<Dictionary:0x0000016444e18e90>
2023-03-04 02:30:02 -0700 : Dictionary is initializing. #<Dictionary:0x000001dc4ee791a0>
2023-03-04 02:31:08 -0700 : Dictionary is initializing. #<Dictionary:0x0000017965f192f0>
2023-03-04 02:31:31 -0700 : Dictionary is initializing. #<Dictionary:0x000001dea56792f8>
2023-03-04 13:00:36 -0700 : Dictionary is initializing. #<Dictionary:0x0000015102518b60>
2023-03-04 13:15:27 -0700 : Dictionary is initializing. #<Dictionary:0x00000275a9318ac8>
2023-03-04 13:15:48 -0700 : Dictionary is initializing. #<Dictionary:0x000001c417628d60>
2023-03-04 13:16:07 -0700 : Dictionary is initializing. #<Dictionary:0x000002d29e998d60>
2023-03-04 13:21:25 -0700 : Dictionary is initializing. #<Dictionary:0x0000021895448ae0>
2023-03-04 13:22:25 -0700 : Dictionary is initializing. #<Dictionary:0x000001e4c9c58ac8>
2023-03-04 13:22:59 -0700 : Dictionary is initializing. #<Dictionary:0x0000028cd7e38ad0>
2023-03-04 13:23:44 -0700 : Dictionary is initializing. #<Dictionary:0x00000285a2c88b68>
2023-03-04 13:24:13 -0700 : Dictionary is initializing. #<Dictionary:0x000002de5f538b68>
2023-03-04 13:25:05 -0700 : Dictionary is initializing. #<Dictionary:0x00000200e4858b80>
2023-03-04 13:25:25 -0700 : Dictionary is initializing. #<Dictionary:0x000001c5ae8d8b80>
2023-03-04 13:26:12 -0700 : Dictionary is initializing. #<Dictionary:0x000001af0d188cc0>
2023-03-04 13:26:29 -0700 : Dictionary is initializing. #<Dictionary:0x000001fff0bd8ac0>
2023-03-04 13:33:46 -0700 : Dictionary is initializing. #<Dictionary:0x0000020672af8ac8>
2023-03-04 13:35:07 -0700 : Dictionary is initializing. #<Dictionary:0x000001db93d78ac8>
2023-03-04 13:36:54 -0700 : Dictionary is initializing. #<Dictionary:0x000001f776b78ad0>
2023-03-04 13:38:12 -0700 : Dictionary is initializing. #<Dictionary:0x0000018e9e5d8a30>
2023-03-04 13:43:33 -0700 : Dictionary is initializing. #<Dictionary:0x000001a6bb718ac8>
2023-03-04 13:44:26 -0700 : Dictionary is initializing. #<Dictionary:0x0000025decc98ac8>
2023-03-04 13:47:06 -0700 : Dictionary is initializing. #<Dictionary:0x0000018ba3368ac8>
2023-03-04 13:48:54 -0700 : Dictionary is initializing. #<Dictionary:0x000002b359118ac8>
2023-03-04 13:52:23 -0700 : Dictionary is initializing. #<Dictionary:0x000001e7f0e18ac8>
2023-03-04 14:08:18 -0700 : Dictionary is initializing. #<Dictionary:0x0000025d44d68a28>
2023-03-04 14:13:19 -0700 : Dictionary is initializing. #<Dictionary:0x0000020566658ac0>
2023-03-04 14:20:20 -0700 : Dictionary is initializing. #<Dictionary:0x00000248a12b8ae0>
2023-03-04 14:26:51 -0700 : Dictionary is initializing. #<Dictionary:0x00000203f18a8ad0>
2023-03-04 14:29:57 -0700 : Dictionary is initializing. #<Dictionary:0x000001281b218ad8>
2023-03-04 14:31:31 -0700 : Dictionary is initializing. #<Dictionary:0x000001edb5d38ac0>
2023-03-04 14:33:07 -0700 : Dictionary is initializing. #<Dictionary:0x000001d9f4ab8ae0>
2023-03-04 14:36:25 -0700 : Dictionary is initializing. #<Dictionary:0x00000201a41f8c20>
2023-03-04 14:38:00 -0700 : Dictionary is initializing. #<Dictionary:0x00000216b5b58ad8>
2023-03-04 14:38:08 -0700 : Dictionary is initializing. #<Dictionary:0x000002233d3a8b78>
2023-03-04 14:38:17 -0700 : Dictionary is initializing. #<Dictionary:0x000002c9864a8d58>
2023-03-04 14:38:38 -0700 : Dictionary is initializing. #<Dictionary:0x0000021823e38ae0>
2023-03-04 15:08:21 -0700 : Dictionary is initializing. #<Dictionary:0x00000195133d8ac0>
2023-03-04 15:10:38 -0700 : Dictionary is initializing. #<Dictionary:0x0000020633dd8ac0>
2023-03-04 15:40:43 -0700 : Dictionary is initializing. #<Dictionary:0x0000015b70c98ac0>
2023-03-05 01:14:44 -0700 : Dictionary is initializing. #<Dictionary:0x000001de91e18ae0>
2023-03-05 01:17:49 -0700 : Dictionary is initializing. #<Dictionary:0x000001c538908ae0>
2023-03-05 01:18:36 -0700 : Dictionary is initializing. #<Dictionary:0x000001563b608ac8>
2023-03-05 01:42:04 -0700 : Dictionary is initializing. #<Dictionary:0x000001d236fd8ae0>
2023-03-05 01:44:41 -0700 : Dictionary is initializing. #<Dictionary:0x00000222a65e8ad8>
2023-03-05 02:25:03 -0700 : Dictionary is initializing. #<Dictionary:0x000002d436ca5a00>
2023-03-05 02:25:45 -0700 : Dictionary is initializing. #<Dictionary:0x00000261af9a8ae0>
2023-03-05 02:28:02 -0700 : Dictionary is initializing. #<Dictionary:0x0000021c9e748b70>
2023-03-05 02:29:11 -0700 : Dictionary is initializing. #<Dictionary:0x000001ad2aba8ac8>
2023-03-05 02:29:50 -0700 : Dictionary is initializing. #<Dictionary:0x0000020104628ac0>
2023-03-05 02:31:35 -0700 : Dictionary is initializing. #<Dictionary:0x000001a1bb3a8b68>
2023-03-05 02:32:46 -0700 : Dictionary is initializing. #<Dictionary:0x00000234f8d18ad8>
2023-03-05 02:36:18 -0700 : Dictionary is initializing. #<Dictionary:0x00000127e7ac8ae0>
2023-03-07 18:39:26 -0700 : Dictionary is initializing. #<Dictionary:0x000001e42d088ac8>
2023-03-10 11:25:03 -0700 : Dictionary is initializing. #<Dictionary:0x0000022ea3668ae0>
2023-03-10 11:26:13 -0700 : Dictionary is initializing. #<Dictionary:0x000001e4357e8ae0>
2023-03-10 11:27:57 -0700 : Dictionary is initializing. #<Dictionary:0x000001defe998ac0>
2023-03-10 16:34:37 -0700 : Dictionary is initializing. #<Dictionary:0x00000251745b8ac0>
2023-03-10 16:38:49 -0700 : Dictionary is initializing. #<Dictionary:0x0000021a1d838ae0>
2023-03-10 17:32:18 -0700 : Dictionary is initializing. #<Dictionary:0x000001f3bb9a8ac0>
2023-03-10 18:14:26 -0700 : Dictionary is initializing. #<Dictionary:0x000001a04b4e06f0>
2023-03-10 18:26:01 -0700 : Dictionary is initializing. #<Dictionary:0x00000179188efca0>
2023-03-10 18:27:07 -0700 : Dictionary is initializing. #<Dictionary:0x0000026404d7a158>
2023-03-10 18:27:45 -0700 : Dictionary is initializing. #<Dictionary:0x00000191f1f1c0a0>
2023-03-10 18:33:46 -0700 : Dictionary is initializing. #<Dictionary:0x000001b8c560a480>
